android/app/benchmark/build/intermediates/manifest_merge_blame_file/benchmark/manifest-merger-blame-benchmark-report.txt
1<?xml version="1.0" encoding="utf-8"?>
2<manifest xmlns:android="http://schemas.android.com/apk/res/android"
3    package="com.example.benchmark" >
4
5    <uses-sdk
5-->manifest/benchmark/tempFile2ProcessTestManifest13658452047272535012.xml:5:5-7:41
6        android:minSdkVersion="24"
6-->manifest/benchmark/tempFile2ProcessTestManifest13658452047272535012.xml:6:9-35
7        android:targetSdkVersion="36" />
7-->manifest/benchmark/tempFile2ProcessTestManifest13658452047272535012.xml:7:9-38
8
9    <instrumentation
9-->manifest/benchmark/tempFile2ProcessTestManifest13658452047272535012.xml:9:5-14:57
10        android:name="androidx.test.runner.AndroidJUnitRunner"
10-->manifest/benchmark/tempFile2ProcessTestManifest13658452047272535012.xml:10:9-63
11        android:functionalTest="false"
11-->manifest/benchmark/tempFile2ProcessTestManifest13658452047272535012.xml:11:9-39
12        android:handleProfiling="false"
12-->manifest/benchmark/tempFile2ProcessTestManifest13658452047272535012.xml:12:9-40
13        android:label="Tests for com.example.benchmark"
13-->manifest/benchmark/tempFile2ProcessTestManifest13658452047272535012.xml:13:9-56
14        android:targetPackage="com.example.benchmark" />
14-->manifest/benchmark/tempFile2ProcessTestManifest13658452047272535012.xml:14:9-54
15
16    <!--
17    This is needed to write benchmark report data to an external directory during instrumented
18    tests to allow the accompanying androidx.benchmark gradle plugin to pull the reports onto host
19     machine after the tests are done running.
20    -->
21    <uses-permission android:name="android.permission.WRITE_EXTERNAL_STORAGE" />
21-->[androidx.benchmark:benchmark-common:1.4.1] AndroidManifest.xml:27:5-81
21-->[androidx.benchmark:benchmark-common:1.4.1] AndroidManifest.xml:27:22-78
22    <uses-permission android:name="android.permission.READ_EXTERNAL_STORAGE" />
23    <uses-permission android:name="android.permission.QUERY_ALL_PACKAGES" />
23-->[androidx.benchmark:benchmark-macro:1.4.1] AndroidManifest.xml:23:5-25:53
23-->[androidx.benchmark:benchmark-macro:1.4.1] AndroidManifest.xml:24:9-61
24    <!--
25         Internet permission is required for perfetto trace shell processor http server but
26        it's used to reach localhost only
27    -->
28    <uses-permission android:name="android.permission.INTERNET" />
28-->[androidx.benchmark:benchmark-macro:1.4.1] AndroidManifest.xml:31:5-67
28-->[androidx.benchmark:benchmark-macro:1.4.1] AndroidManifest.xml:31:22-64
29
30    <queries>
30-->[androidx.test:runner:1.5.2] AndroidManifest.xml:24:5-28:15
31        <package android:name="androidx.test.orchestrator" />
31-->[androidx.test:runner:1.5.2] AndroidManifest.xml:25:9-62
31-->[androidx.test:runner:1.5.2] AndroidManifest.xml:25:18-59
32        <package android:name="androidx.test.services" />
32-->[androidx.test:runner:1.5.2] AndroidManifest.xml:26:9-58
32-->[androidx.test:runner:1.5.2] AndroidManifest.xml:26:18-55
33        <package android:name="com.google.android.apps.common.testing.services" />
33-->[androidx.test:runner:1.5.2] AndroidManifest.xml:27:9-83
33-->[androidx.test:runner:1.5.2] AndroidManifest.xml:27:18-80
34    </queries>
35
36    <uses-permission android:name="android.permission.REORDER_TASKS" />
36-->[androidx.test:core:1.6.1] AndroidManifest.xml:24:5-72
36-->[androidx.test:core:1.6.1] AndroidManifest.xml:24:22-69
37
38    <permission
38-->[androidx.core:core:1.9.0] AndroidManifest.xml:22:5-24:47
39        android:name="com.example.benchmark.DYNAMIC_RECEIVER_NOT_EXPORTED_PERMISSION"
39-->[androidx.core:core:1.9.0] AndroidManifest.xml:23:9-81
40        android:protectionLevel="signature" />
40-->[androidx.core:core:1.9.0] AndroidManifest.xml:24:9-44
41
42    <uses-permission android:name="com.example.benchmark.DYNAMIC_RECEIVER_NOT_EXPORTED_PERMISSION" />
42-->[androidx.core:core:1.9.0] AndroidManifest.xml:26:5-97
42-->[androidx.core:core:1.9.0] AndroidManifest.xml:26:22-94
43
44    <application
44-->manifest/benchmark/tempFile2ProcessTestManifest13658452047272535012.xml:16:5-18:19
45        android:appComponentFactory="androidx.core.app.CoreComponentFactory"
45-->[androidx.core:core:1.9.0] AndroidManifest.xml:28:18-86
46        android:debuggable="true"
47        android:extractNativeLibs="false"
48        android:networkSecurityConfig="@xml/network_security_config" >
48-->[androidx.benchmark:benchmark-macro:1.4.1] AndroidManifest.xml:42:18-78
49        <uses-library android:name="android.test.runner" />
49-->manifest/benchmark/tempFile2ProcessTestManifest13658452047272535012.xml:17:9-60
49-->manifest/benchmark/tempFile2ProcessTestManifest13658452047272535012.xml:17:23-57
50        <!-- Activity used to block background content while benchmarks are running -->
51        <activity
51-->[androidx.benchmark:benchmark-common:1.4.1] AndroidManifest.xml:32:9-36:20
52            android:name="androidx.benchmark.IsolationActivity"
52-->[androidx.benchmark:benchmark-common:1.4.1] AndroidManifest.xml:33:13-64
53            android:exported="true"
53-->[androidx.benchmark:benchmark-common:1.4.1] AndroidManifest.xml:34:13-36
54            android:theme="@android:style/Theme.Light.NoTitleBar.Fullscreen" >
54-->[androidx.benchmark:benchmark-common:1.4.1] AndroidManifest.xml:35:13-77
55        </activity>
56        <activity
56-->[androidx.test:core:1.6.1] AndroidManifest.xml:27:9-34:20
57            android:name="androidx.test.core.app.InstrumentationActivityInvoker$BootstrapActivity"
57-->[androidx.test:core:1.6.1] AndroidManifest.xml:28:13-99
58            android:exported="true"
58-->[androidx.test:core:1.6.1] AndroidManifest.xml:29:13-36
59            android:theme="@style/WhiteBackgroundTheme" >
59-->[androidx.test:core:1.6.1] AndroidManifest.xml:30:13-56
60            <intent-filter android:priority="-100" >
60-->[androidx.test:core:1.6.1] AndroidManifest.xml:31:13-33:29
60-->[androidx.test:core:1.6.1] AndroidManifest.xml:31:28-51
61                <category android:name="android.intent.category.LAUNCHER" />
61-->[androidx.test:core:1.6.1] AndroidManifest.xml:32:17-77
61-->[androidx.test:core:1.6.1] AndroidManifest.xml:32:27-74
62            </intent-filter>
63        </activity>
64        <activity
64-->[androidx.test:core:1.6.1] AndroidManifest.xml:35:9-42:20
65            android:name="androidx.test.core.app.InstrumentationActivityInvoker$EmptyActivity"
65-->[androidx.test:core:1.6.1] AndroidManifest.xml:36:13-95
66            android:exported="true"
66-->[androidx.test:core:1.6.1] AndroidManifest.xml:37:13-36
67            android:theme="@style/WhiteBackgroundTheme" >
67-->[androidx.test:core:1.6.1] AndroidManifest.xml:38:13-56
68            <intent-filter android:priority="-100" >
68-->[androidx.test:core:1.6.1] AndroidManifest.xml:31:13-33:29
68-->[androidx.test:core:1.6.1] AndroidManifest.xml:31:28-51
69                <category android:name="android.intent.category.LAUNCHER" />
69-->[androidx.test:core:1.6.1] AndroidManifest.xml:32:17-77
69-->[androidx.test:core:1.6.1] AndroidManifest.xml:32:27-74
70            </intent-filter>
71        </activity>
72        <activity
72-->[androidx.test:core:1.6.1] AndroidManifest.xml:43:9-50:20
73            android:name="androidx.test.core.app.InstrumentationActivityInvoker$EmptyFloatingActivity"
73-->[androidx.test:core:1.6.1] AndroidManifest.xml:44:13-103
74            android:exported="true"
74-->[androidx.test:core:1.6.1] AndroidManifest.xml:45:13-36
75            android:theme="@style/WhiteBackgroundDialogTheme" >
75-->[androidx.test:core:1.6.1] AndroidManifest.xml:46:13-62
76            <intent-filter android:priority="-100" >
76-->[androidx.test:core:1.6.1] AndroidManifest.xml:31:13-33:29
76-->[androidx.test:core:1.6.1] AndroidManifest.xml:31:28-51
77                <category android:name="android.intent.category.LAUNCHER" />
77-->[androidx.test:core:1.6.1] AndroidManifest.xml:32:17-77
77-->[androidx.test:core:1.6.1] AndroidManifest.xml:32:27-74
78            </intent-filter>
79        </activity>
80
81        <provider
81-->[androidx.profileinstaller:profileinstaller:1.4.1] AndroidManifest.xml:24:9-32:20
82            android:name="androidx.startup.InitializationProvider"
82-->[androidx.profileinstaller:profileinstaller:1.4.1] AndroidManifest.xml:25:13-67
83            android:authorities="com.example.benchmark.androidx-startup"
83-->[androidx.profileinstaller:profileinstaller:1.4.1] AndroidManifest.xml:26:13-68
84            android:exported="false" >
84-->[androidx.profileinstaller:profileinstaller:1.4.1] AndroidManifest.xml:27:13-37
85            <meta-data
85-->[androidx.profileinstaller:profileinstaller:1.4.1] AndroidManifest.xml:29:13-31:52
86                android:name="androidx.profileinstaller.ProfileInstallerInitializer"
86-->[androidx.profileinstaller:profileinstaller:1.4.1] AndroidManifest.xml:30:17-85
87                android:value="androidx.startup" />
87-->[androidx.profileinstaller:profileinstaller:1.4.1] AndroidManifest.xml:31:17-49
88            <meta-data
88-->[androidx.tracing:tracing-perfetto:1.0.0] AndroidManifest.xml:44:13-46:52
89                android:name="androidx.tracing.perfetto.StartupTracingInitializer"
89-->[androidx.tracing:tracing-perfetto:1.0.0] AndroidManifest.xml:45:17-83
90                android:value="androidx.startup" />
90-->[androidx.tracing:tracing-perfetto:1.0.0] AndroidManifest.xml:46:17-49
91        </provider>
92
93        <receiver
93-->[androidx.profileinstaller:profileinstaller:1.4.1] AndroidManifest.xml:34:9-52:20
94            android:name="androidx.profileinstaller.ProfileInstallReceiver"
94-->[androidx.profileinstaller:profileinstaller:1.4.1] AndroidManifest.xml:35:13-76
95            android:directBootAware="false"
95-->[androidx.profileinstaller:profileinstaller:1.4.1] AndroidManifest.xml:36:13-44
96            android:enabled="true"
96-->[androidx.profileinstaller:profileinstaller:1.4.1] AndroidManifest.xml:37:13-35
97            android:exported="true"
97-->[androidx.profileinstaller:profileinstaller:1.4.1] AndroidManifest.xml:38:13-36
98            android:permission="android.permission.DUMP" >
98-->[androidx.profileinstaller:profileinstaller:1.4.1] AndroidManifest.xml:39:13-57
99            <intent-filter>
99-->[androidx.profileinstaller:profileinstaller:1.4.1] AndroidManifest.xml:40:13-42:29
100                <action android:name="androidx.profileinstaller.action.INSTALL_PROFILE" />
100-->[androidx.profileinstaller:profileinstaller:1.4.1] AndroidManifest.xml:41:17-91
100-->[androidx.profileinstaller:profileinstaller:1.4.1] AndroidManifest.xml:41:25-88
101            </intent-filter>
102            <intent-filter>
102-->[androidx.profileinstaller:profileinstaller:1.4.1] AndroidManifest.xml:43:13-45:29
103                <action android:name="androidx.profileinstaller.action.SKIP_FILE" />
103-->[androidx.profileinstaller:profileinstaller:1.4.1] AndroidManifest.xml:44:17-85
103-->[androidx.profileinstaller:profileinstaller:1.4.1] AndroidManifest.xml:44:25-82
104            </intent-filter>
105            <intent-filter>
105-->[androidx.profileinstaller:profileinstaller:1.4.1] AndroidManifest.xml:46:13-48:29
106                <action android:name="androidx.profileinstaller.action.SAVE_PROFILE" />
106-->[androidx.profileinstaller:profileinstaller:1.4.1] AndroidManifest.xml:47:17-88
106-->[androidx.profileinstaller:profileinstaller:1.4.1] AndroidManifest.xml:47:25-85
107            </intent-filter>
108            <intent-filter>
108-->[androidx.profileinstaller:profileinstaller:1.4.1] AndroidManifest.xml:49:13-51:29
109                <action android:name="androidx.profileinstaller.action.BENCHMARK_OPERATION" />
109-->[androidx.profileinstaller:profileinstaller:1.4.1] AndroidManifest.xml:50:17-95
109-->[androidx.profileinstaller:profileinstaller:1.4.1] AndroidManifest.xml:50:25-92
110            </intent-filter>
111        </receiver>
112        <receiver
112-->[androidx.tracing:tracing-perfetto:1.0.0] AndroidManifest.xml:24:9-37:20
113            android:name="androidx.tracing.perfetto.TracingReceiver"
113-->[androidx.tracing:tracing-perfetto:1.0.0] AndroidManifest.xml:25:13-69
114            android:directBootAware="false"
114-->[androidx.tracing:tracing-perfetto:1.0.0] AndroidManifest.xml:26:13-44
115            android:enabled="true"
115-->[androidx.tracing:tracing-perfetto:1.0.0] AndroidManifest.xml:27:13-35
116            android:exported="true"
116-->[androidx.tracing:tracing-perfetto:1.0.0] AndroidManifest.xml:28:13-36
117            android:permission="android.permission.DUMP" >
117-->[androidx.tracing:tracing-perfetto:1.0.0] AndroidManifest.xml:29:13-57
118
119            <!-- Note: DUMP above highly limits who can call the receiver; Shell has DUMP perm. -->
120            <intent-filter>
120-->[androidx.tracing:tracing-perfetto:1.0.0] AndroidManifest.xml:32:13-36:29
121                <action android:name="androidx.tracing.perfetto.action.ENABLE_TRACING" />
121-->[androidx.tracing:tracing-perfetto:1.0.0] AndroidManifest.xml:33:17-90
121-->[androidx.tracing:tracing-perfetto:1.0.0] AndroidManifest.xml:33:25-87
122                <action android:name="androidx.tracing.perfetto.action.ENABLE_TRACING_COLD_START" />
122-->[androidx.tracing:tracing-perfetto:1.0.0] AndroidManifest.xml:34:17-101
122-->[androidx.tracing:tracing-perfetto:1.0.0] AndroidManifest.xml:34:25-98
123                <action android:name="androidx.tracing.perfetto.action.DISABLE_TRACING_COLD_START" />
123-->[androidx.tracing:tracing-perfetto:1.0.0] AndroidManifest.xml:35:17-102
123-->[androidx.tracing:tracing-perfetto:1.0.0] AndroidManifest.xml:35:25-99
124            </intent-filter>
125        </receiver>
126        <receiver
126-->[androidx.tracing:tracing-perfetto:1.0.0] AndroidManifest.xml:49:9-55:20
127            android:name="androidx.tracing.perfetto.StartupTracingConfigStoreIsEnabledGate"
127-->[androidx.tracing:tracing-perfetto:1.0.0] AndroidManifest.xml:50:13-92
128            android:directBootAware="false"
128-->[androidx.tracing:tracing-perfetto:1.0.0] AndroidManifest.xml:51:13-44
129            android:enabled="false"
129-->[androidx.tracing:tracing-perfetto:1.0.0] AndroidManifest.xml:52:13-36
130            android:exported="false" >
130-->[androidx.tracing:tracing-perfetto:1.0.0] AndroidManifest.xml:53:13-37
131        </receiver>
132    </application>
133
134</manifest>